INICIO     - Simulação iniciada.
OBS        - Pacientes carregados do arquivo CSV.
           - [CICLO 01]
ESPERA     - PAC010 (Maria Sophia Melo)
INTERNADO  - PAC010 (Maria Sophia Melo)
           - [CICLO 02]
ESPERA     - PAC007 (Ana Laura Nogueira)
INTERNADO  - PAC007 (Ana Laura Nogueira)
           - [CICLO 03]
ALTA       - PAC010 (Maria Sophia Melo)
ESPERA     - PAC017 (Mirella Fernandes)
INTERNADO  - PAC017 (Mirella Fernandes)
           - [CICLO 04]
ALTA       - PAC007 (Ana Laura Nogueira)
ESPERA     - PAC038 (Enzo Gabriel Costela)
INTERNADO  - PAC038 (Enzo Gabriel Costela)
           - [CICLO 05]
ESPERA     - PAC042 (Gustavo Henrique Melo)
INTERNADO  - PAC042 (Gustavo Henrique Melo)
           - [CICLO 06]
ALTA       - PAC042 (Gustavo Henrique Melo)
ESPERA     - PAC004 (Manuela Ferreira)
INTERNADO  - PAC004 (Manuela Ferreira)
           - [CICLO 07]
ESPERA     - PAC023 (Enrico Alves)
INTERNADO  - PAC023 (Enrico Alves)
           - [CICLO 08]
ESPERA     - PAC026 (Maria Sales)
INTERNADO  - PAC026 (Maria Sales)
           - [CICLO 09]
ALTA       - PAC004 (Manuela Ferreira)
ESPERA     - PAC029 (Ana Beatriz Lima)
INTERNADO  - PAC029 (Ana Beatriz Lima)
           - [CICLO 10]
ESPERA     - PAC016 (Noah Pires)
INTERNADO  - PAC016 (Noah Pires)
           - [CICLO 11]
ALTA       - PAC017 (Mirella Fernandes)
ESPERA     - PAC021 (Samuel da Cruz)
INTERNADO  - PAC021 (Samuel da Cruz)
           - [CICLO 12]
ALTA       - PAC038 (Enzo Gabriel Costela)
ESPERA     - PAC022 (Lucas Gabriel Barros)
INTERNADO  - PAC022 (Lucas Gabriel Barros)
           - [CICLO 13]
ALTA       - PAC021 (Samuel da Cruz)
ESPERA     - PAC033 (Francisco da Cunha)
INTERNADO  - PAC033 (Francisco da Cunha)
           - [CICLO 14]
ESPERA     - PAC044 (Giovanna Cavalcanti)
INTERNADO  - PAC044 (Giovanna Cavalcanti)
           - [CICLO 15]
ESPERA     - PAC003 (Nina Melo)
INTERNADO  - PAC003 (Nina Melo)
           - [CICLO 16]
ALTA       - PAC022 (Lucas Gabriel Barros)
ESPERA     - PAC012 (Caroline Costa)
INTERNADO  - PAC012 (Caroline Costa)
           - [CICLO 17]
ESPERA     - PAC050 (João Guilherme Cardoso)
INTERNADO  - PAC050 (João Guilherme Cardoso)
           - [CICLO 18]
ESPERA     - PAC031 (Isaac da Costa)
INTERNADO  - PAC031 (Isaac da Costa)
           - [CICLO 19]
ESPERA     - PAC014 (Fernanda Monteiro)
           - [CICLO 20]
ALTA       - PAC023 (Enrico Alves)
ESPERA     - PAC024 (Ana Luiza Ribeiro)
INTERNADO  - PAC024 (Ana Luiza Ribeiro)
           - [CICLO 21]
ALTA       - PAC044 (Giovanna Cavalcanti)
ESPERA     - PAC041 (Luiz Felipe Ferreira)
INTERNADO  - PAC014 (Fernanda Monteiro)
           - [CICLO 22]
ALTA       - PAC026 (Maria Sales)
ESPERA     - PAC037 (Luiz Miguel da Conceição)
INTERNADO  - PAC041 (Luiz Felipe Ferreira)
           - [CICLO 23]
ALTA       - PAC041 (Luiz Felipe Ferreira)
ESPERA     - PAC002 (Beatriz Gomes)
INTERNADO  - PAC002 (Beatriz Gomes)
           - [CICLO 24]
ESPERA     - PAC030 (Matheus Rocha)
           - [CICLO 25]
ESPERA     - PAC018 (Emilly Cunha)
           - [CICLO 26]
ALTA       - PAC002 (Beatriz Gomes)
ESPERA     - PAC049 (Bruno Moraes)
INTERNADO  - PAC037 (Luiz Miguel da Conceição)
           - [CICLO 27]
ESPERA     - PAC032 (Caio Novaes)
           - [CICLO 28]
ESPERA     - PAC028 (Gabriel da Cruz)
           - [CICLO 29]
ESPERA     - PAC035 (Isis Moreira)
           - [CICLO 30]
ESPERA     - PAC013 (Luana da Rocha)
           - [CICLO 31]
ALTA       - PAC029 (Ana Beatriz Lima)
ESPERA     - PAC001 (Sophie Peixoto)
INTERNADO  - PAC013 (Luana da Rocha)
           - [CICLO 32]
ESPERA     - PAC011 (Benício Castro)
           - [CICLO 33]
ESPERA     - PAC020 (Rafaela Peixoto)
O 32]
ALTA -     - PAC043 (Arthur Rezende)
ESPERA -   - PAC034 (Luiz Felipe Novaes)
INTERNADO - - PAC034 (Luiz Felipe Novaes)
           - [CICLO 33]
ESPERA -   - PAC022 (Lucas Gabriel Barros)
           - [CICLO 34]
ESPERA -   - PAC024 (Ana Luiza Ribeiro)
           - [CICLO 35]
ESPERA -   - PAC046 (Isadora da Mota)
           - [CICLO 36]
ALTA -     - PAC028 (Gabriel da Cruz)
ESPERA -   - PAC021 (Samuel da Cruz)
INTERNADO - - PAC024 (Ana Luiza Ribeiro)
           - [CICLO 37]
ALTA -     - PAC027 (Daniel da Costa)
ESPERA -   - PAC037 (Luiz Miguel da Conceição)
INTERNADO - - PAC044 (Giovanna Cavalcanti)
           - [CICLO 38]
ALTA -     - PAC024 (Ana Luiza Ribeiro)
ESPERA -   - PAC049 (Bruno Moraes)
INTERNADO - - PAC045 (Marina Mendes)
           - [CICLO 39]
ESPERA -   - PAC050 (João Guilherme Cardoso)
           - [CICLO 40]
ESPERA -   - PAC009 (Eduarda da Rosa)
           - [CICLO 41]
ESPERA -   - PAC019 (Sofia Peixoto)
           - [CICLO 42]
ALTA -     - PAC048 (Ana Clara Castro)
ESPERA -   - PAC038 (Enzo Gabriel Costela)
INTERNADO - - PAC050 (João Guilherme Cardoso)
           - [CICLO 43]
ALTA -     - PAC007 (Ana Laura Nogueira)
ESPERA -   - PAC017 (Mirella Fernandes)
INTERNADO - - PAC032 (Caio Novaes)
           - [CICLO 44]
ESPERA -   - PAC047 (Bryan Santos)
           - [CICLO 45]
ALTA -     - PAC014 (Fernanda Monteiro)
ESPERA -   - PAC030 (Matheus Rocha)
INTERNADO - - PAC039 (Luiz Miguel Santos)
           - [CICLO 46]
ESPERA -   - PAC031 (Isaac da Costa)
           - [CICLO 47]
ALTA -     - PAC050 (João Guilherme Cardoso)
ESPERA -   - PAC006 (Calebe Jesus)
INTERNADO - - PAC006 (Calebe Jesus)
           - [CICLO 48]
ALTA -     - PAC020 (Rafaela Peixoto)
ESPERA -   - PAC002 (Beatriz Gomes)
INTERNADO - - PAC002 (Beatriz Gomes)
           - [CICLO 49]
ALTA -     - PAC044 (Giovanna Cavalcanti)
ESPERA -   - PAC026 (Maria Sales)
INTERNADO - - PAC031 (Isaac da Costa)
           - [CICLO 50]
ALTA -     - PAC032 (Caio Novaes)
ESPERA -   - PAC025 (Davi Lucas Freitas)
INTERNADO - - PAC025 (Davi Lucas Freitas)
           - [CICLO 51]
ALTA -     - PAC034 (Luiz Felipe Novaes)
FIM        - Não há mais pacientes para entrar na fila de espera.
INTERNADO - - PAC026 (Maria Sales)
           - [CICLO 52]
ALTA -     - PAC026 (Maria Sales)
INTERNADO - - PAC016 (Noah Pires)
           - [CICLO 53]
ALTA -     - PAC016 (Noah Pires)
INTERNADO - - PAC022 (Lucas Gabriel Barros)
           - [CICLO 54]
           - [CICLO 55]
